This is pdfTeX, Version 3.141592653-2.6-1.40.26 (TeX Live 2024) (preloaded format=pdflatex 2024.5.1)  31 JAN 2025 00:57
entering extended mode
 restricted \write18 enabled.
 %&-line parsing enabled.
**/home/rich/programming/cv/cv_en/Marco_Richetta_CV.tex
(/home/rich/programming/cv/cv_en/Marco_Richetta_CV.tex
LaTeX2e <2023-11-01> patch level 1
L3 programming layer <2024-03-14>

(/home/rich/programming/cv/.venv/lib/python3.11/site-packages/rendercv_tinytex/
tinytex-release/TinyTeX/texmf-dist/tex/latex/moderncv/moderncv.cls
Document Class: moderncv 2022-02-21 v2.3.1 modern curriculum vitae and letter d
ocument class

(/home/rich/programming/cv/.venv/lib/python3.11/site-packages/rendercv_tinytex/
tinytex-release/TinyTeX/texmf-dist/tex/latex/base/size12.clo
File: size12.clo 2023/05/17 v1.4n Standard LaTeX file (size option)
)
(/home/rich/programming/cv/.venv/lib/python3.11/site-packages/rendercv_tinytex/
tinytex-release/TinyTeX/texmf-dist/tex/latex/etoolbox/etoolbox.sty
Package: etoolbox 2020/10/05 v2.5k e-TeX tools for LaTeX (JAW)
\etb@tempcnta=\count188
)
(/home/rich/programming/cv/.venv/lib/python3.11/site-packages/rendercv_tinytex/
tinytex-release/TinyTeX/texmf-dist/tex/latex/base/ifthen.sty
Package: ifthen 2022/04/13 v1.1d Standard LaTeX ifthen package (DPC)
)
(/home/rich/programming/cv/.venv/lib/python3.11/site-packages/rendercv_tinytex/
tinytex-release/TinyTeX/texmf-dist/tex/latex/xcolor/xcolor.sty
Package: xcolor 2023/11/15 v3.01 LaTeX color extensions (UK)

(/home/rich/programming/cv/.venv/lib/python3.11/site-packages/rendercv_tinytex/
tinytex-release/TinyTeX/texmf-dist/tex/latex/graphics-cfg/color.cfg
File: color.cfg 2016/01/02 v1.6 sample color configuration
)
Package xcolor Info: Driver file: pdftex.def on input line 274.

(/home/rich/programming/cv/.venv/lib/python3.11/site-packages/rendercv_tinytex/
tinytex-release/TinyTeX/texmf-dist/tex/latex/graphics-def/pdftex.def
File: pdftex.def 2024/04/13 v1.2c Graphics/color driver for pdftex
)
(/home/rich/programming/cv/.venv/lib/python3.11/site-packages/rendercv_tinytex/
tinytex-release/TinyTeX/texmf-dist/tex/latex/graphics/mathcolor.ltx)
Package xcolor Info: Model `cmy' substituted by `cmy0' on input line 1350.
Package xcolor Info: Model `hsb' substituted by `rgb' on input line 1354.
Package xcolor Info: Model `RGB' extended on input line 1366.
Package xcolor Info: Model `HTML' substituted by `rgb' on input line 1368.
Package xcolor Info: Model `Hsb' substituted by `hsb' on input line 1369.
Package xcolor Info: Model `tHsb' substituted by `hsb' on input line 1370.
Package xcolor Info: Model `HSB' substituted by `hsb' on input line 1371.
Package xcolor Info: Model `Gray' substituted by `gray' on input line 1372.
Package xcolor Info: Model `wave' substituted by `hsb' on input line 1373.
)
(/home/rich/programming/cv/.venv/lib/python3.11/site-packages/rendercv_tinytex/
tinytex-release/TinyTeX/texmf-dist/tex/latex/colortbl/colortbl.sty
Package: colortbl 2024/02/20 v1.0g Color table columns (DPC)

(/home/rich/programming/cv/.venv/lib/python3.11/site-packages/rendercv_tinytex/
tinytex-release/TinyTeX/texmf-dist/tex/latex/tools/array.sty
Package: array 2023/10/16 v2.5g Tabular extension package (FMi)
\col@sep=\dimen140
\ar@mcellbox=\box51
\extrarowheight=\dimen141
\NC@list=\toks17
\extratabsurround=\skip48
\backup@length=\skip49
\ar@cellbox=\box52
)
\everycr=\toks18
\minrowclearance=\skip50
\rownum=\count189
)
(/home/rich/programming/cv/.venv/lib/python3.11/site-packages/rendercv_tinytex/
tinytex-release/TinyTeX/texmf-dist/tex/generic/iftex/iftex.sty
Package: iftex 2022/02/03 v1.0f TeX engine tests
)
(/home/rich/programming/cv/.venv/lib/python3.11/site-packages/rendercv_tinytex/
tinytex-release/TinyTeX/texmf-dist/tex/latex/url/url.sty
\Urlmuskip=\muskip16
Package: url 2013/09/16  ver 3.4  Verb mode for urls, etc.
)
(/home/rich/programming/cv/.venv/lib/python3.11/site-packages/rendercv_tinytex/
tinytex-release/TinyTeX/texmf-dist/tex/latex/graphics/graphicx.sty
Package: graphicx 2021/09/16 v1.2d Enhanced LaTeX Graphics (DPC,SPQR)

(/home/rich/programming/cv/.venv/lib/python3.11/site-packages/rendercv_tinytex/
tinytex-release/TinyTeX/texmf-dist/tex/latex/graphics/keyval.sty
Package: keyval 2022/05/29 v1.15 key=value parser (DPC)
\KV@toks@=\toks19
)
(/home/rich/programming/cv/.venv/lib/python3.11/site-packages/rendercv_tinytex/
tinytex-release/TinyTeX/texmf-dist/tex/latex/graphics/graphics.sty
Package: graphics 2022/03/10 v1.4e Standard LaTeX Graphics (DPC,SPQR)

(/home/rich/programming/cv/.venv/lib/python3.11/site-packages/rendercv_tinytex/
tinytex-release/TinyTeX/texmf-dist/tex/latex/graphics/trig.sty
Package: trig 2021/08/11 v1.11 sin cos tan (DPC)
)
(/home/rich/programming/cv/.venv/lib/python3.11/site-packages/rendercv_tinytex/
tinytex-release/TinyTeX/texmf-dist/tex/latex/graphics-cfg/graphics.cfg
File: graphics.cfg 2016/06/04 v1.11 sample graphics configuration
)
Package graphics Info: Driver file: pdftex.def on input line 107.
)
\Gin@req@height=\dimen142
\Gin@req@width=\dimen143
)
(/home/rich/programming/cv/.venv/lib/python3.11/site-packages/rendercv_tinytex/
tinytex-release/TinyTeX/texmf-dist/tex/latex/fancyhdr/fancyhdr.sty
Package: fancyhdr 2024/04/23 v4.2 Extensive control of page headers and footers

\f@nch@headwidth=\skip51
\f@nch@O@elh=\skip52
\f@nch@O@erh=\skip53
\f@nch@O@olh=\skip54
\f@nch@O@orh=\skip55
\f@nch@O@elf=\skip56
\f@nch@O@erf=\skip57
\f@nch@O@olf=\skip58
\f@nch@O@orf=\skip59
)
(/home/rich/programming/cv/.venv/lib/python3.11/site-packages/rendercv_tinytex/
tinytex-release/TinyTeX/texmf-dist/tex/latex/moderncv/tweaklist.sty)
(/home/rich/programming/cv/.venv/lib/python3.11/site-packages/rendercv_tinytex/
tinytex-release/TinyTeX/texmf-dist/tex/latex/tools/calc.sty
Package: calc 2023/07/08 v4.3 Infix arithmetic (KKT,FJ)
\calc@Acount=\count190
\calc@Bcount=\count191
\calc@Adimen=\dimen144
\calc@Bdimen=\dimen145
\calc@Askip=\skip60
\calc@Bskip=\skip61
LaTeX Info: Redefining \setlength on input line 80.
LaTeX Info: Redefining \addtolength on input line 81.
\calc@Ccount=\count192
\calc@Cskip=\skip62
)
(/home/rich/programming/cv/.venv/lib/python3.11/site-packages/rendercv_tinytex/
tinytex-release/TinyTeX/texmf-dist/tex/latex/l3packages/xparse/xparse.sty
(/home/rich/programming/cv/.venv/lib/python3.11/site-packages/rendercv_tinytex/
tinytex-release/TinyTeX/texmf-dist/tex/latex/l3kernel/expl3.sty
Package: expl3 2024-03-14 L3 programming layer (loader) 

(/home/rich/programming/cv/.venv/lib/python3.11/site-packages/rendercv_tinytex/
tinytex-release/TinyTeX/texmf-dist/tex/latex/l3backend/l3backend-pdftex.def
File: l3backend-pdftex.def 2024-03-14 L3 backend support: PDF output (pdfTeX)
\l__color_backend_stack_int=\count193
\l__pdf_internal_box=\box53
))
Package: xparse 2024-03-14 L3 Experimental document command parser
)
(/home/rich/programming/cv/.venv/lib/python3.11/site-packages/rendercv_tinytex/
tinytex-release/TinyTeX/texmf-dist/tex/latex/microtype/microtype.sty
Package: microtype 2024/03/29 v3.1b Micro-typographical refinements (RS)
\MT@toks=\toks20
\MT@tempbox=\box54
\MT@count=\count194
LaTeX Info: Redefining \noprotrusionifhmode on input line 1061.
LaTeX Info: Redefining \leftprotrusion on input line 1062.
\MT@prot@toks=\toks21
LaTeX Info: Redefining \rightprotrusion on input line 1081.
LaTeX Info: Redefining \textls on input line 1392.
\MT@outer@kern=\dimen146
LaTeX Info: Redefining \textmicrotypecontext on input line 2013.
\MT@listname@count=\count195

(/home/rich/programming/cv/.venv/lib/python3.11/site-packages/rendercv_tinytex/
tinytex-release/TinyTeX/texmf-dist/tex/latex/microtype/microtype-pdftex.def
File: microtype-pdftex.def 2024/03/29 v3.1b Definitions specific to pdftex (RS)

LaTeX Info: Redefining \lsstyle on input line 902.
LaTeX Info: Redefining \lslig on input line 902.
\MT@outer@space=\skip63
)
Package microtype Info: Loading configuration file microtype.cfg.

(/home/rich/programming/cv/.venv/lib/python3.11/site-packages/rendercv_tinytex/
tinytex-release/TinyTeX/texmf-dist/tex/latex/microtype/microtype.cfg
File: microtype.cfg 2024/03/29 v3.1b microtype main configuration file (RS)
))
(/home/rich/programming/cv/.venv/lib/python3.11/site-packages/rendercv_tinytex/
tinytex-release/TinyTeX/texmf-dist/tex/latex/moderncv/moderncvcollection.sty
Package: moderncvcollection 2022-02-21 v2.3.1 moderncv collections
\c@collection@iterator=\count196
)
(/home/rich/programming/cv/.venv/lib/python3.11/site-packages/rendercv_tinytex/
tinytex-release/TinyTeX/texmf-dist/tex/latex/moderncv/moderncvcompatibility.sty
Package: moderncvcompatibility 2022-02-21 v2.3.1 modern curriculum vitae and le
tter compatibility patches
)
\c@collection@phones@count=\count197
\c@collection@socials@count=\count198
\c@cvcolumnscounter=\count199
\c@cvcolumnsautowidthcounter=\count266
\c@tmpiteratorcounter=\count267
\cvcolumnsdummywidth=\skip64
\cvcolumnswidth=\skip65
\cvcolumnsautowidth=\skip66
\cvcolumnautowidth=\skip67
\bibindent=\skip68
)
(/home/rich/programming/cv/.venv/lib/python3.11/site-packages/rendercv_tinytex/
tinytex-release/TinyTeX/texmf-dist/tex/latex/moderncv/moderncvstyleclassic.sty
Package: moderncvstyleclassic 2022-02-21 v2.3.1 modern curriculum vitae and let
ter style scheme: classic

(/home/rich/programming/cv/.venv/lib/python3.11/site-packages/rendercv_tinytex/
tinytex-release/TinyTeX/texmf-dist/tex/latex/moderncv/moderncviconssymbols.sty
Package: moderncviconssymbols 2021-12-12 v2.2.0 modern curriculum vitae icons s
elector


Class moderncv Warning: "academicons requires xetex/luatex to work. Using alter
natives.".


(/home/rich/programming/cv/.venv/lib/python3.11/site-packages/rendercv_tinytex/
tinytex-release/TinyTeX/texmf-dist/tex/latex/moderncv/moderncviconsawesome.sty
Package: moderncviconsawesome 2022-02-21 v2.3.1 modern curriculum vitae icons: 
awesome

(/home/rich/programming/cv/.venv/lib/python3.11/site-packages/rendercv_tinytex/
tinytex-release/TinyTeX/texmf-dist/tex/latex/fontawesome5/fontawesome5.sty
Package: fontawesome5 2022/05/02 v5.15.4 Font Awesome 5

(/home/rich/programming/cv/.venv/lib/python3.11/site-packages/rendercv_tinytex/
tinytex-release/TinyTeX/texmf-dist/tex/latex/l3packages/l3keys2e/l3keys2e.sty
Package: l3keys2e 2024-03-14 LaTeX2e option processing using LaTeX3 keys
)
(/home/rich/programming/cv/.venv/lib/python3.11/site-packages/rendercv_tinytex/
tinytex-release/TinyTeX/texmf-dist/tex/latex/fontawesome5/fontawesome5-generic-
helper.sty
Package: fontawesome5-generic-helper 2022/05/02 v5.15.4 non-uTeX helper for fon
tawesome5

(/home/rich/programming/cv/.venv/lib/python3.11/site-packages/rendercv_tinytex/
tinytex-release/TinyTeX/texmf-dist/tex/latex/fontawesome5/fontawesome5-mapping.
def))))
(/home/rich/programming/cv/.venv/lib/python3.11/site-packages/rendercv_tinytex/
tinytex-release/TinyTeX/texmf-dist/tex/latex/moderncv/moderncviconstikz.sty
Package: moderncviconstikz 2022-02-21 v2.3.1 modern curriculum vitae and letter
 icons: tickz

(/home/rich/programming/cv/.venv/lib/python3.11/site-packages/rendercv_tinytex/
tinytex-release/TinyTeX/texmf-dist/tex/latex/pgf/frontendlayer/tikz.sty
(/home/rich/programming/cv/.venv/lib/python3.11/site-packages/rendercv_tinytex/
tinytex-release/TinyTeX/texmf-dist/tex/latex/pgf/basiclayer/pgf.sty
(/home/rich/programming/cv/.venv/lib/python3.11/site-packages/rendercv_tinytex/
tinytex-release/TinyTeX/texmf-dist/tex/latex/pgf/utilities/pgfrcs.sty
(/home/rich/programming/cv/.venv/lib/python3.11/site-packages/rendercv_tinytex/
tinytex-release/TinyTeX/texmf-dist/tex/generic/pgf/utilities/pgfutil-common.tex
\pgfutil@everybye=\toks22
\pgfutil@tempdima=\dimen147
\pgfutil@tempdimb=\dimen148
)
(/home/rich/programming/cv/.venv/lib/python3.11/site-packages/rendercv_tinytex/
tinytex-release/TinyTeX/texmf-dist/tex/generic/pgf/utilities/pgfutil-latex.def
\pgfutil@abb=\box55
)
(/home/rich/programming/cv/.venv/lib/python3.11/site-packages/rendercv_tinytex/
tinytex-release/TinyTeX/texmf-dist/tex/generic/pgf/utilities/pgfrcs.code.tex
(/home/rich/programming/cv/.venv/lib/python3.11/site-packages/rendercv_tinytex/
tinytex-release/TinyTeX/texmf-dist/tex/generic/pgf/pgf.revision.tex)
Package: pgfrcs 2023-01-15 v3.1.10 (3.1.10)
))
Package: pgf 2023-01-15 v3.1.10 (3.1.10)

(/home/rich/programming/cv/.venv/lib/python3.11/site-packages/rendercv_tinytex/
tinytex-release/TinyTeX/texmf-dist/tex/latex/pgf/basiclayer/pgfcore.sty
(/home/rich/programming/cv/.venv/lib/python3.11/site-packages/rendercv_tinytex/
tinytex-release/TinyTeX/texmf-dist/tex/latex/pgf/systemlayer/pgfsys.sty
(/home/rich/programming/cv/.venv/lib/python3.11/site-packages/rendercv_tinytex/
tinytex-release/TinyTeX/texmf-dist/tex/generic/pgf/systemlayer/pgfsys.code.tex
Package: pgfsys 2023-01-15 v3.1.10 (3.1.10)

(/home/rich/programming/cv/.venv/lib/python3.11/site-packages/rendercv_tinytex/
tinytex-release/TinyTeX/texmf-dist/tex/generic/pgf/utilities/pgfkeys.code.tex
\pgfkeys@pathtoks=\toks23
\pgfkeys@temptoks=\toks24

(/home/rich/programming/cv/.venv/lib/python3.11/site-packages/rendercv_tinytex/
tinytex-release/TinyTeX/texmf-dist/tex/generic/pgf/utilities/pgfkeyslibraryfilt
ered.code.tex
\pgfkeys@tmptoks=\toks25
))
\pgf@x=\dimen149
\pgf@y=\dimen150
\pgf@xa=\dimen151
\pgf@ya=\dimen152
\pgf@xb=\dimen153
\pgf@yb=\dimen154
\pgf@xc=\dimen155
\pgf@yc=\dimen156
\pgf@xd=\dimen157
\pgf@yd=\dimen158
\w@pgf@writea=\write3
\r@pgf@reada=\read2
\c@pgf@counta=\count268
\c@pgf@countb=\count269
\c@pgf@countc=\count270
\c@pgf@countd=\count271
\t@pgf@toka=\toks26
\t@pgf@tokb=\toks27
\t@pgf@tokc=\toks28
\pgf@sys@id@count=\count272

(/home/rich/programming/cv/.venv/lib/python3.11/site-packages/rendercv_tinytex/
tinytex-release/TinyTeX/texmf-dist/tex/generic/pgf/systemlayer/pgf.cfg
File: pgf.cfg 2023-01-15 v3.1.10 (3.1.10)
)
Driver file for pgf: pgfsys-pdftex.def

(/home/rich/programming/cv/.venv/lib/python3.11/site-packages/rendercv_tinytex/
tinytex-release/TinyTeX/texmf-dist/tex/generic/pgf/systemlayer/pgfsys-pdftex.de
f
File: pgfsys-pdftex.def 2023-01-15 v3.1.10 (3.1.10)

(/home/rich/programming/cv/.venv/lib/python3.11/site-packages/rendercv_tinytex/
tinytex-release/TinyTeX/texmf-dist/tex/generic/pgf/systemlayer/pgfsys-common-pd
f.def
File: pgfsys-common-pdf.def 2023-01-15 v3.1.10 (3.1.10)
)))
(/home/rich/programming/cv/.venv/lib/python3.11/site-packages/rendercv_tinytex/
tinytex-release/TinyTeX/texmf-dist/tex/generic/pgf/systemlayer/pgfsyssoftpath.c
ode.tex
File: pgfsyssoftpath.code.tex 2023-01-15 v3.1.10 (3.1.10)
\pgfsyssoftpath@smallbuffer@items=\count273
\pgfsyssoftpath@bigbuffer@items=\count274
)
(/home/rich/programming/cv/.venv/lib/python3.11/site-packages/rendercv_tinytex/
tinytex-release/TinyTeX/texmf-dist/tex/generic/pgf/systemlayer/pgfsysprotocol.c
ode.tex
File: pgfsysprotocol.code.tex 2023-01-15 v3.1.10 (3.1.10)
))
(/home/rich/programming/cv/.venv/lib/python3.11/site-packages/rendercv_tinytex/
tinytex-release/TinyTeX/texmf-dist/tex/generic/pgf/basiclayer/pgfcore.code.tex
Package: pgfcore 2023-01-15 v3.1.10 (3.1.10)

(/home/rich/programming/cv/.venv/lib/python3.11/site-packages/rendercv_tinytex/
tinytex-release/TinyTeX/texmf-dist/tex/generic/pgf/math/pgfmath.code.tex
(/home/rich/programming/cv/.venv/lib/python3.11/site-packages/rendercv_tinytex/
tinytex-release/TinyTeX/texmf-dist/tex/generic/pgf/math/pgfmathutil.code.tex)
(/home/rich/programming/cv/.venv/lib/python3.11/site-packages/rendercv_tinytex/
tinytex-release/TinyTeX/texmf-dist/tex/generic/pgf/math/pgfmathparser.code.tex
\pgfmath@dimen=\dimen159
\pgfmath@count=\count275
\pgfmath@box=\box56
\pgfmath@toks=\toks29
\pgfmath@stack@operand=\toks30
\pgfmath@stack@operation=\toks31
)
(/home/rich/programming/cv/.venv/lib/python3.11/site-packages/rendercv_tinytex/
tinytex-release/TinyTeX/texmf-dist/tex/generic/pgf/math/pgfmathfunctions.code.t
ex)
(/home/rich/programming/cv/.venv/lib/python3.11/site-packages/rendercv_tinytex/
tinytex-release/TinyTeX/texmf-dist/tex/generic/pgf/math/pgfmathfunctions.basic.
code.tex)
(/home/rich/programming/cv/.venv/lib/python3.11/site-packages/rendercv_tinytex/
tinytex-release/TinyTeX/texmf-dist/tex/generic/pgf/math/pgfmathfunctions.trigon
ometric.code.tex)
(/home/rich/programming/cv/.venv/lib/python3.11/site-packages/rendercv_tinytex/
tinytex-release/TinyTeX/texmf-dist/tex/generic/pgf/math/pgfmathfunctions.random
.code.tex)
(/home/rich/programming/cv/.venv/lib/python3.11/site-packages/rendercv_tinytex/
tinytex-release/TinyTeX/texmf-dist/tex/generic/pgf/math/pgfmathfunctions.compar
ison.code.tex)
(/home/rich/programming/cv/.venv/lib/python3.11/site-packages/rendercv_tinytex/
tinytex-release/TinyTeX/texmf-dist/tex/generic/pgf/math/pgfmathfunctions.base.c
ode.tex)
(/home/rich/programming/cv/.venv/lib/python3.11/site-packages/rendercv_tinytex/
tinytex-release/TinyTeX/texmf-dist/tex/generic/pgf/math/pgfmathfunctions.round.
code.tex)
(/home/rich/programming/cv/.venv/lib/python3.11/site-packages/rendercv_tinytex/
tinytex-release/TinyTeX/texmf-dist/tex/generic/pgf/math/pgfmathfunctions.misc.c
ode.tex)
(/home/rich/programming/cv/.venv/lib/python3.11/site-packages/rendercv_tinytex/
tinytex-release/TinyTeX/texmf-dist/tex/generic/pgf/math/pgfmathfunctions.intege
rarithmetics.code.tex)
(/home/rich/programming/cv/.venv/lib/python3.11/site-packages/rendercv_tinytex/
tinytex-release/TinyTeX/texmf-dist/tex/generic/pgf/math/pgfmathcalc.code.tex)
(/home/rich/programming/cv/.venv/lib/python3.11/site-packages/rendercv_tinytex/
tinytex-release/TinyTeX/texmf-dist/tex/generic/pgf/math/pgfmathfloat.code.tex
\c@pgfmathroundto@lastzeros=\count276
))
(/home/rich/programming/cv/.venv/lib/python3.11/site-packages/rendercv_tinytex/
tinytex-release/TinyTeX/texmf-dist/tex/generic/pgf/math/pgfint.code.tex)
(/home/rich/programming/cv/.venv/lib/python3.11/site-packages/rendercv_tinytex/
tinytex-release/TinyTeX/texmf-dist/tex/generic/pgf/basiclayer/pgfcorepoints.cod
e.tex
File: pgfcorepoints.code.tex 2023-01-15 v3.1.10 (3.1.10)
\pgf@picminx=\dimen160
\pgf@picmaxx=\dimen161
\pgf@picminy=\dimen162
\pgf@picmaxy=\dimen163
\pgf@pathminx=\dimen164
\pgf@pathmaxx=\dimen165
\pgf@pathminy=\dimen166
\pgf@pathmaxy=\dimen167
\pgf@xx=\dimen168
\pgf@xy=\dimen169
\pgf@yx=\dimen170
\pgf@yy=\dimen171
\pgf@zx=\dimen172
\pgf@zy=\dimen173
)
(/home/rich/programming/cv/.venv/lib/python3.11/site-packages/rendercv_tinytex/
tinytex-release/TinyTeX/texmf-dist/tex/generic/pgf/basiclayer/pgfcorepathconstr
uct.code.tex
File: pgfcorepathconstruct.code.tex 2023-01-15 v3.1.10 (3.1.10)
\pgf@path@lastx=\dimen174
\pgf@path@lasty=\dimen175
)
(/home/rich/programming/cv/.venv/lib/python3.11/site-packages/rendercv_tinytex/
tinytex-release/TinyTeX/texmf-dist/tex/generic/pgf/basiclayer/pgfcorepathusage.
code.tex
File: pgfcorepathusage.code.tex 2023-01-15 v3.1.10 (3.1.10)
\pgf@shorten@end@additional=\dimen176
\pgf@shorten@start@additional=\dimen177
)
(/home/rich/programming/cv/.venv/lib/python3.11/site-packages/rendercv_tinytex/
tinytex-release/TinyTeX/texmf-dist/tex/generic/pgf/basiclayer/pgfcorescopes.cod
e.tex
File: pgfcorescopes.code.tex 2023-01-15 v3.1.10 (3.1.10)
\pgfpic=\box57
\pgf@hbox=\box58
\pgf@layerbox@main=\box59
\pgf@picture@serial@count=\count277
)
(/home/rich/programming/cv/.venv/lib/python3.11/site-packages/rendercv_tinytex/
tinytex-release/TinyTeX/texmf-dist/tex/generic/pgf/basiclayer/pgfcoregraphicsta
te.code.tex
File: pgfcoregraphicstate.code.tex 2023-01-15 v3.1.10 (3.1.10)
\pgflinewidth=\dimen178
)
(/home/rich/programming/cv/.venv/lib/python3.11/site-packages/rendercv_tinytex/
tinytex-release/TinyTeX/texmf-dist/tex/generic/pgf/basiclayer/pgfcoretransforma
tions.code.tex
File: pgfcoretransformations.code.tex 2023-01-15 v3.1.10 (3.1.10)
\pgf@pt@x=\dimen179
\pgf@pt@y=\dimen180
\pgf@pt@temp=\dimen181
)
(/home/rich/programming/cv/.venv/lib/python3.11/site-packages/rendercv_tinytex/
tinytex-release/TinyTeX/texmf-dist/tex/generic/pgf/basiclayer/pgfcorequick.code
.tex
File: pgfcorequick.code.tex 2023-01-15 v3.1.10 (3.1.10)
)
(/home/rich/programming/cv/.venv/lib/python3.11/site-packages/rendercv_tinytex/
tinytex-release/TinyTeX/texmf-dist/tex/generic/pgf/basiclayer/pgfcoreobjects.co
de.tex
File: pgfcoreobjects.code.tex 2023-01-15 v3.1.10 (3.1.10)
)
(/home/rich/programming/cv/.venv/lib/python3.11/site-packages/rendercv_tinytex/
tinytex-release/TinyTeX/texmf-dist/tex/generic/pgf/basiclayer/pgfcorepathproces
sing.code.tex
File: pgfcorepathprocessing.code.tex 2023-01-15 v3.1.10 (3.1.10)
)
(/home/rich/programming/cv/.venv/lib/python3.11/site-packages/rendercv_tinytex/
tinytex-release/TinyTeX/texmf-dist/tex/generic/pgf/basiclayer/pgfcorearrows.cod
e.tex
File: pgfcorearrows.code.tex 2023-01-15 v3.1.10 (3.1.10)
\pgfarrowsep=\dimen182
)
(/home/rich/programming/cv/.venv/lib/python3.11/site-packages/rendercv_tinytex/
tinytex-release/TinyTeX/texmf-dist/tex/generic/pgf/basiclayer/pgfcoreshade.code
.tex
File: pgfcoreshade.code.tex 2023-01-15 v3.1.10 (3.1.10)
\pgf@max=\dimen183
\pgf@sys@shading@range@num=\count278
\pgf@shadingcount=\count279
)
(/home/rich/programming/cv/.venv/lib/python3.11/site-packages/rendercv_tinytex/
tinytex-release/TinyTeX/texmf-dist/tex/generic/pgf/basiclayer/pgfcoreimage.code
.tex
File: pgfcoreimage.code.tex 2023-01-15 v3.1.10 (3.1.10)
)
(/home/rich/programming/cv/.venv/lib/python3.11/site-packages/rendercv_tinytex/
tinytex-release/TinyTeX/texmf-dist/tex/generic/pgf/basiclayer/pgfcoreexternal.c
ode.tex
File: pgfcoreexternal.code.tex 2023-01-15 v3.1.10 (3.1.10)
\pgfexternal@startupbox=\box60
)
(/home/rich/programming/cv/.venv/lib/python3.11/site-packages/rendercv_tinytex/
tinytex-release/TinyTeX/texmf-dist/tex/generic/pgf/basiclayer/pgfcorelayers.cod
e.tex
File: pgfcorelayers.code.tex 2023-01-15 v3.1.10 (3.1.10)
)
(/home/rich/programming/cv/.venv/lib/python3.11/site-packages/rendercv_tinytex/
tinytex-release/TinyTeX/texmf-dist/tex/generic/pgf/basiclayer/pgfcoretransparen
cy.code.tex
File: pgfcoretransparency.code.tex 2023-01-15 v3.1.10 (3.1.10)
)
(/home/rich/programming/cv/.venv/lib/python3.11/site-packages/rendercv_tinytex/
tinytex-release/TinyTeX/texmf-dist/tex/generic/pgf/basiclayer/pgfcorepatterns.c
ode.tex
File: pgfcorepatterns.code.tex 2023-01-15 v3.1.10 (3.1.10)
)
(/home/rich/programming/cv/.venv/lib/python3.11/site-packages/rendercv_tinytex/
tinytex-release/TinyTeX/texmf-dist/tex/generic/pgf/basiclayer/pgfcorerdf.code.t
ex
File: pgfcorerdf.code.tex 2023-01-15 v3.1.10 (3.1.10)
)))
(/home/rich/programming/cv/.venv/lib/python3.11/site-packages/rendercv_tinytex/
tinytex-release/TinyTeX/texmf-dist/tex/generic/pgf/modules/pgfmoduleshapes.code
.tex
File: pgfmoduleshapes.code.tex 2023-01-15 v3.1.10 (3.1.10)
\pgfnodeparttextbox=\box61
)
(/home/rich/programming/cv/.venv/lib/python3.11/site-packages/rendercv_tinytex/
tinytex-release/TinyTeX/texmf-dist/tex/generic/pgf/modules/pgfmoduleplot.code.t
ex
File: pgfmoduleplot.code.tex 2023-01-15 v3.1.10 (3.1.10)
)
(/home/rich/programming/cv/.venv/lib/python3.11/site-packages/rendercv_tinytex/
tinytex-release/TinyTeX/texmf-dist/tex/latex/pgf/compatibility/pgfcomp-version-
0-65.sty
Package: pgfcomp-version-0-65 2023-01-15 v3.1.10 (3.1.10)
\pgf@nodesepstart=\dimen184
\pgf@nodesepend=\dimen185
)
(/home/rich/programming/cv/.venv/lib/python3.11/site-packages/rendercv_tinytex/
tinytex-release/TinyTeX/texmf-dist/tex/latex/pgf/compatibility/pgfcomp-version-
1-18.sty
Package: pgfcomp-version-1-18 2023-01-15 v3.1.10 (3.1.10)
))
(/home/rich/programming/cv/.venv/lib/python3.11/site-packages/rendercv_tinytex/
tinytex-release/TinyTeX/texmf-dist/tex/latex/pgf/utilities/pgffor.sty
(/home/rich/programming/cv/.venv/lib/python3.11/site-packages/rendercv_tinytex/
tinytex-release/TinyTeX/texmf-dist/tex/latex/pgf/utilities/pgfkeys.sty
(/home/rich/programming/cv/.venv/lib/python3.11/site-packages/rendercv_tinytex/
tinytex-release/TinyTeX/texmf-dist/tex/generic/pgf/utilities/pgfkeys.code.tex))

(/home/rich/programming/cv/.venv/lib/python3.11/site-packages/rendercv_tinytex/
tinytex-release/TinyTeX/texmf-dist/tex/latex/pgf/math/pgfmath.sty
(/home/rich/programming/cv/.venv/lib/python3.11/site-packages/rendercv_tinytex/
tinytex-release/TinyTeX/texmf-dist/tex/generic/pgf/math/pgfmath.code.tex))
(/home/rich/programming/cv/.venv/lib/python3.11/site-packages/rendercv_tinytex/
tinytex-release/TinyTeX/texmf-dist/tex/generic/pgf/utilities/pgffor.code.tex
Package: pgffor 2023-01-15 v3.1.10 (3.1.10)
\pgffor@iter=\dimen186
\pgffor@skip=\dimen187
\pgffor@stack=\toks32
\pgffor@toks=\toks33
))
(/home/rich/programming/cv/.venv/lib/python3.11/site-packages/rendercv_tinytex/
tinytex-release/TinyTeX/texmf-dist/tex/generic/pgf/frontendlayer/tikz/tikz.code
.tex
Package: tikz 2023-01-15 v3.1.10 (3.1.10)

(/home/rich/programming/cv/.venv/lib/python3.11/site-packages/rendercv_tinytex/
tinytex-release/TinyTeX/texmf-dist/tex/generic/pgf/libraries/pgflibraryplothand
lers.code.tex
File: pgflibraryplothandlers.code.tex 2023-01-15 v3.1.10 (3.1.10)
\pgf@plot@mark@count=\count280
\pgfplotmarksize=\dimen188
)
\tikz@lastx=\dimen189
\tikz@lasty=\dimen190
\tikz@lastxsaved=\dimen191
\tikz@lastysaved=\dimen192
\tikz@lastmovetox=\dimen193
\tikz@lastmovetoy=\dimen194
\tikzleveldistance=\dimen195
\tikzsiblingdistance=\dimen196
\tikz@figbox=\box62
\tikz@figbox@bg=\box63
\tikz@tempbox=\box64
\tikz@tempbox@bg=\box65
\tikztreelevel=\count281
\tikznumberofchildren=\count282
\tikznumberofcurrentchild=\count283
\tikz@fig@count=\count284

(/home/rich/programming/cv/.venv/lib/python3.11/site-packages/rendercv_tinytex/
tinytex-release/TinyTeX/texmf-dist/tex/generic/pgf/modules/pgfmodulematrix.code
.tex
File: pgfmodulematrix.code.tex 2023-01-15 v3.1.10 (3.1.10)
\pgfmatrixcurrentrow=\count285
\pgfmatrixcurrentcolumn=\count286
\pgf@matrix@numberofcolumns=\count287
)
\tikz@expandcount=\count288

(/home/rich/programming/cv/.venv/lib/python3.11/site-packages/rendercv_tinytex/
tinytex-release/TinyTeX/texmf-dist/tex/generic/pgf/frontendlayer/tikz/libraries
/tikzlibrarytopaths.code.tex
File: tikzlibrarytopaths.code.tex 2023-01-15 v3.1.10 (3.1.10)
)))))
(/home/rich/programming/cv/.venv/lib/python3.11/site-packages/rendercv_tinytex/
tinytex-release/TinyTeX/texmf-dist/tex/latex/moderncv/moderncvheadi.sty
Package: moderncvheadi 2022-02-21 v2.3.1 modern curriculum vitae and letter hea
der variant: 1
\quotewidth=\skip69
\makecvheadnamewidth=\skip70
)
(/home/rich/programming/cv/.venv/lib/python3.11/site-packages/rendercv_tinytex/
tinytex-release/TinyTeX/texmf-dist/tex/latex/moderncv/moderncvbodyi.sty
Package: moderncvbodyi 2022-02-21 v2.3.1 modern curriculum vitae and letter bod
y variant: 1

(/home/rich/programming/cv/.venv/lib/python3.11/site-packages/rendercv_tinytex/
tinytex-release/TinyTeX/texmf-dist/tex/latex/moderncv/moderncvskillmatrix.sty
Package: moderncvskillmatrix 2022-02-21 v2.3.1 modern curriculum vitae and lett
er skill matrix

(/home/rich/programming/cv/.venv/lib/python3.11/site-packages/rendercv_tinytex/
tinytex-release/TinyTeX/texmf-dist/tex/latex/multirow/multirow.sty
Package: multirow 2021/03/15 v2.8 Span multiple rows of a table
\multirow@colwidth=\skip71
\multirow@cntb=\count289
\multirow@dima=\skip72
\bigstrutjot=\dimen197
)
(/home/rich/programming/cv/.venv/lib/python3.11/site-packages/rendercv_tinytex/
tinytex-release/TinyTeX/texmf-dist/tex/latex/arydshln/arydshln.sty
Package: arydshln 2019/02/21 v1.76 
\dashlinedash=\dimen198
\dashlinegap=\dimen199
\adl@box=\box66
\adl@height=\dimen256
\adl@heightsave=\dimen257
\adl@depth=\dimen258
\adl@depthsave=\dimen259
\adl@finaldepth=\dimen260
\adl@columns=\count290
\adl@ncol=\count291
\adl@currentcolumn=\count292
\adl@currentcolumnsave=\count293
\adl@totalheight=\count294
\adl@totalheightsave=\count295
\adl@dash=\count296
\adl@gap=\count297
\adl@cla=\count298
\adl@clb=\count299
\adl@everyvbox=\toks34
\adl@LTpagetotal=\dimen261
)
\cvSkill@RectangleSize=\skip73
\my@repeat@count=\count300
\cvskill@width=\skip74
\cvskill@descriptorwidth=\skip75
\cvskill@experiencewidth=\skip76
\skillmatrix@columnwidth=\skip77
\skillmatrix@commentwidth=\skip78
\skillmatrix@padding=\skip79
\skillmatrix@hintscolumnwidth=\skip80
\skillmatrix@bodylength=\skip81
\cvskilllegend@leftdescriptorwidth=\skip82
\cvskilllegend@rightdescriptorwidth=\skip83
\skilllegend@hintscolumnwidth=\skip84
\skilllegend@padding=\skip85
\skilllegend@bodylength=\skip86
\separatorrulewidth=\skip87
)
\hintscolumnwidth=\skip88
\separatorcolumnwidth=\skip89
\maincolumnwidth=\skip90
\doubleitemcolumnwidth=\skip91
\listitemsymbolwidth=\skip92
LaTeX Font Info:    Trying to load font information for U+fontawesomefree0 on i
nput line 48.

(/home/rich/programming/cv/.venv/lib/python3.11/site-packages/rendercv_tinytex/
tinytex-release/TinyTeX/texmf-dist/tex/latex/fontawesome5/ufontawesomefree0.fd)
\listitemcolumnwidth=\skip93
\listdoubleitemcolumnwidth=\skip94
\baseletterheight=\skip95
\cvitemwithcommentbox=\box67
\cvitemwithcommentskilllength=\skip96
\cvitemwithcommentcommentlength=\skip97
))
(/home/rich/programming/cv/.venv/lib/python3.11/site-packages/rendercv_tinytex/
tinytex-release/TinyTeX/texmf-dist/tex/latex/moderncv/moderncvcolorblue.sty
Package: moderncvcolorblue 2022-02-21 v2.3.1 modern curriculum vitae and letter
 color scheme: blue
)
(/home/rich/programming/cv/.venv/lib/python3.11/site-packages/rendercv_tinytex/
tinytex-release/TinyTeX/texmf-dist/tex/latex/amsmath/amsmath.sty
Package: amsmath 2023/05/13 v2.17o AMS math features
\@mathmargin=\skip98

For additional information on amsmath, use the `?' option.

(/home/rich/programming/cv/.venv/lib/python3.11/site-packages/rendercv_tinytex/
tinytex-release/TinyTeX/texmf-dist/tex/latex/amsmath/amstext.sty
Package: amstext 2021/08/26 v2.01 AMS text

(/home/rich/programming/cv/.venv/lib/python3.11/site-packages/rendercv_tinytex/
tinytex-release/TinyTeX/texmf-dist/tex/latex/amsmath/amsgen.sty
File: amsgen.sty 1999/11/30 v2.0 generic functions
\@emptytoks=\toks35
\ex@=\dimen262
))
(/home/rich/programming/cv/.venv/lib/python3.11/site-packages/rendercv_tinytex/
tinytex-release/TinyTeX/texmf-dist/tex/latex/amsmath/amsbsy.sty
Package: amsbsy 1999/11/29 v1.2d Bold Symbols
\pmbraise@=\dimen263
)
(/home/rich/programming/cv/.venv/lib/python3.11/site-packages/rendercv_tinytex/
tinytex-release/TinyTeX/texmf-dist/tex/latex/amsmath/amsopn.sty
Package: amsopn 2022/04/08 v2.04 operator names
)
\inf@bad=\count301
LaTeX Info: Redefining \frac on input line 234.
\uproot@=\count302
\leftroot@=\count303
LaTeX Info: Redefining \overline on input line 399.
LaTeX Info: Redefining \colon on input line 410.
\classnum@=\count304
\DOTSCASE@=\count305
LaTeX Info: Redefining \ldots on input line 496.
LaTeX Info: Redefining \dots on input line 499.
LaTeX Info: Redefining \cdots on input line 620.
\Mathstrutbox@=\box68
\strutbox@=\box69
LaTeX Info: Redefining \big on input line 722.
LaTeX Info: Redefining \Big on input line 723.
LaTeX Info: Redefining \bigg on input line 724.
LaTeX Info: Redefining \Bigg on input line 725.
\big@size=\dimen264
LaTeX Font Info:    Redeclaring font encoding OML on input line 743.
LaTeX Font Info:    Redeclaring font encoding OMS on input line 744.
\macc@depth=\count306
LaTeX Info: Redefining \bmod on input line 905.
LaTeX Info: Redefining \pmod on input line 910.
LaTeX Info: Redefining \smash on input line 940.
LaTeX Info: Redefining \relbar on input line 970.
LaTeX Info: Redefining \Relbar on input line 971.
\c@MaxMatrixCols=\count307
\dotsspace@=\muskip17
\c@parentequation=\count308
\dspbrk@lvl=\count309
\tag@help=\toks36
\row@=\count310
\column@=\count311
\maxfields@=\count312
\andhelp@=\toks37
\eqnshift@=\dimen265
\alignsep@=\dimen266
\tagshift@=\dimen267
\tagwidth@=\dimen268
\totwidth@=\dimen269
\lineht@=\dimen270
\@envbody=\toks38
\multlinegap=\skip99
\multlinetaggap=\skip100
\mathdisplay@stack=\toks39
LaTeX Info: Redefining \[ on input line 2953.
LaTeX Info: Redefining \] on input line 2954.
)
(/home/rich/programming/cv/.venv/lib/python3.11/site-packages/rendercv_tinytex/
tinytex-release/TinyTeX/texmf-dist/tex/latex/geometry/geometry.sty
Package: geometry 2020/01/02 v5.9 Page Geometry

(/home/rich/programming/cv/.venv/lib/python3.11/site-packages/rendercv_tinytex/
tinytex-release/TinyTeX/texmf-dist/tex/generic/iftex/ifvtex.sty
Package: ifvtex 2019/10/25 v1.7 ifvtex legacy package. Use iftex instead.
)
\Gm@cnth=\count313
\Gm@cntv=\count314
\c@Gm@tempcnt=\count315
\Gm@bindingoffset=\dimen271
\Gm@wd@mp=\dimen272
\Gm@odd@mp=\dimen273
\Gm@even@mp=\dimen274
\Gm@layoutwidth=\dimen275
\Gm@layoutheight=\dimen276
\Gm@layouthoffset=\dimen277
\Gm@layoutvoffset=\dimen278
\Gm@dimlist=\toks40
)
(/home/rich/programming/cv/.venv/lib/python3.11/site-packages/rendercv_tinytex/
tinytex-release/TinyTeX/texmf-dist/tex/latex/base/fontenc.sty
Package: fontenc 2021/04/29 v2.0v Standard LaTeX package
)
(/home/rich/programming/cv/.venv/lib/python3.11/site-packages/rendercv_tinytex/
tinytex-release/TinyTeX/texmf-dist/tex/latex/lm/lmodern.sty
Package: lmodern 2015/05/01 v1.6.1 Latin Modern Fonts
LaTeX Font Info:    Overwriting symbol font `operators' in version `normal'
(Font)                  OT1/cmr/m/n --> OT1/lmr/m/n on input line 22.
LaTeX Font Info:    Overwriting symbol font `letters' in version `normal'
(Font)                  OML/cmm/m/it --> OML/lmm/m/it on input line 23.
LaTeX Font Info:    Overwriting symbol font `symbols' in version `normal'
(Font)                  OMS/cmsy/m/n --> OMS/lmsy/m/n on input line 24.
LaTeX Font Info:    Overwriting symbol font `largesymbols' in version `normal'
(Font)                  OMX/cmex/m/n --> OMX/lmex/m/n on input line 25.
LaTeX Font Info:    Overwriting symbol font `operators' in version `bold'
(Font)                  OT1/cmr/bx/n --> OT1/lmr/bx/n on input line 26.
LaTeX Font Info:    Overwriting symbol font `letters' in version `bold'
(Font)                  OML/cmm/b/it --> OML/lmm/b/it on input line 27.
LaTeX Font Info:    Overwriting symbol font `symbols' in version `bold'
(Font)                  OMS/cmsy/b/n --> OMS/lmsy/b/n on input line 28.
LaTeX Font Info:    Overwriting symbol font `largesymbols' in version `bold'
(Font)                  OMX/cmex/m/n --> OMX/lmex/m/n on input line 29.
LaTeX Font Info:    Overwriting math alphabet `\mathbf' in version `normal'
(Font)                  OT1/cmr/bx/n --> OT1/lmr/bx/n on input line 31.
LaTeX Font Info:    Overwriting math alphabet `\mathsf' in version `normal'
(Font)                  OT1/cmss/m/n --> OT1/lmss/m/n on input line 32.
LaTeX Font Info:    Overwriting math alphabet `\mathit' in version `normal'
(Font)                  OT1/cmr/m/it --> OT1/lmr/m/it on input line 33.
LaTeX Font Info:    Overwriting math alphabet `\mathtt' in version `normal'
(Font)                  OT1/cmtt/m/n --> OT1/lmtt/m/n on input line 34.
LaTeX Font Info:    Overwriting math alphabet `\mathbf' in version `bold'
(Font)                  OT1/cmr/bx/n --> OT1/lmr/bx/n on input line 35.
LaTeX Font Info:    Overwriting math alphabet `\mathsf' in version `bold'
(Font)                  OT1/cmss/bx/n --> OT1/lmss/bx/n on input line 36.
LaTeX Font Info:    Overwriting math alphabet `\mathit' in version `bold'
(Font)                  OT1/cmr/bx/it --> OT1/lmr/bx/it on input line 37.
LaTeX Font Info:    Overwriting math alphabet `\mathtt' in version `bold'
(Font)                  OT1/cmtt/m/n --> OT1/lmtt/m/n on input line 38.
)
(/home/rich/programming/cv/.venv/lib/python3.11/site-packages/rendercv_tinytex/
tinytex-release/TinyTeX/texmf-dist/tex/generic/babel/babel.sty
Package: babel 2024/04/20 v24.4 The Babel package
\babel@savecnt=\count316
\U@D=\dimen279
\l@unhyphenated=\language8

(/home/rich/programming/cv/.venv/lib/python3.11/site-packages/rendercv_tinytex/
tinytex-release/TinyTeX/texmf-dist/tex/generic/babel/txtbabel.def)
\bbl@readstream=\read3
\bbl@dirlevel=\count317

(/home/rich/programming/cv/.venv/lib/python3.11/site-packages/rendercv_tinytex/
tinytex-release/TinyTeX/texmf-dist/tex/generic/babel-english/english.ldf
Language: english 2017/06/06 v3.3r English support from the babel system
Package babel Info: Hyphen rules for 'canadian' set to \l@english
(babel)             (\language0). Reported on input line 102.
Package babel Info: Hyphen rules for 'australian' set to \l@ukenglish
(babel)             (\language5). Reported on input line 105.
Package babel Info: Hyphen rules for 'newzealand' set to \l@ukenglish
(babel)             (\language5). Reported on input line 108.
))
(/home/rich/programming/cv/.venv/lib/python3.11/site-packages/rendercv_tinytex/
tinytex-release/TinyTeX/texmf-dist/tex/latex/hyperref/hyperref.sty
Package: hyperref 2024-01-20 v7.01h Hypertext links for LaTeX

(/home/rich/programming/cv/.venv/lib/python3.11/site-packages/rendercv_tinytex/
tinytex-release/TinyTeX/texmf-dist/tex/latex/kvsetkeys/kvsetkeys.sty
Package: kvsetkeys 2022-10-05 v1.19 Key value parser (HO)
)
(/home/rich/programming/cv/.venv/lib/python3.11/site-packages/rendercv_tinytex/
tinytex-release/TinyTeX/texmf-dist/tex/generic/kvdefinekeys/kvdefinekeys.sty
Package: kvdefinekeys 2019-12-19 v1.6 Define keys (HO)
)
(/home/rich/programming/cv/.venv/lib/python3.11/site-packages/rendercv_tinytex/
tinytex-release/TinyTeX/texmf-dist/tex/generic/pdfescape/pdfescape.sty
Package: pdfescape 2019/12/09 v1.15 Implements pdfTeX's escape features (HO)

(/home/rich/programming/cv/.venv/lib/python3.11/site-packages/rendercv_tinytex/
tinytex-release/TinyTeX/texmf-dist/tex/generic/ltxcmds/ltxcmds.sty
Package: ltxcmds 2023-12-04 v1.26 LaTeX kernel commands for general use (HO)
)
(/home/rich/programming/cv/.venv/lib/python3.11/site-packages/rendercv_tinytex/
tinytex-release/TinyTeX/texmf-dist/tex/generic/pdftexcmds/pdftexcmds.sty
Package: pdftexcmds 2020-06-27 v0.33 Utility functions of pdfTeX for LuaTeX (HO
)

(/home/rich/programming/cv/.venv/lib/python3.11/site-packages/rendercv_tinytex/
tinytex-release/TinyTeX/texmf-dist/tex/generic/infwarerr/infwarerr.sty
Package: infwarerr 2019/12/03 v1.5 Providing info/warning/error messages (HO)
)
Package pdftexcmds Info: \pdf@primitive is available.
Package pdftexcmds Info: \pdf@ifprimitive is available.
Package pdftexcmds Info: \pdfdraftmode found.
))
(/home/rich/programming/cv/.venv/lib/python3.11/site-packages/rendercv_tinytex/
tinytex-release/TinyTeX/texmf-dist/tex/latex/hycolor/hycolor.sty
Package: hycolor 2020-01-27 v1.10 Color options for hyperref/bookmark (HO)
)
(/home/rich/programming/cv/.venv/lib/python3.11/site-packages/rendercv_tinytex/
tinytex-release/TinyTeX/texmf-dist/tex/latex/auxhook/auxhook.sty
Package: auxhook 2019-12-17 v1.6 Hooks for auxiliary files (HO)
)
(/home/rich/programming/cv/.venv/lib/python3.11/site-packages/rendercv_tinytex/
tinytex-release/TinyTeX/texmf-dist/tex/latex/hyperref/nameref.sty
Package: nameref 2023-11-26 v2.56 Cross-referencing by name of section

(/home/rich/programming/cv/.venv/lib/python3.11/site-packages/rendercv_tinytex/
tinytex-release/TinyTeX/texmf-dist/tex/latex/refcount/refcount.sty
Package: refcount 2019/12/15 v3.6 Data extraction from label references (HO)
)
(/home/rich/programming/cv/.venv/lib/python3.11/site-packages/rendercv_tinytex/
tinytex-release/TinyTeX/texmf-dist/tex/generic/gettitlestring/gettitlestring.st
y
Package: gettitlestring 2019/12/15 v1.6 Cleanup title references (HO)

(/home/rich/programming/cv/.venv/lib/python3.11/site-packages/rendercv_tinytex/
tinytex-release/TinyTeX/texmf-dist/tex/latex/kvoptions/kvoptions.sty
Package: kvoptions 2022-06-15 v3.15 Key value format for package options (HO)
))
\c@section@level=\count318
)
\@linkdim=\dimen280
\Hy@linkcounter=\count319
\Hy@pagecounter=\count320

(/home/rich/programming/cv/.venv/lib/python3.11/site-packages/rendercv_tinytex/
tinytex-release/TinyTeX/texmf-dist/tex/latex/hyperref/pd1enc.def
File: pd1enc.def 2024-01-20 v7.01h Hyperref: PDFDocEncoding definition (HO)
Now handling font encoding PD1 ...
... no UTF-8 mapping file for font encoding PD1
)
(/home/rich/programming/cv/.venv/lib/python3.11/site-packages/rendercv_tinytex/
tinytex-release/TinyTeX/texmf-dist/tex/generic/intcalc/intcalc.sty
Package: intcalc 2019/12/15 v1.3 Expandable calculations with integers (HO)
)
\Hy@SavedSpaceFactor=\count321

(/home/rich/programming/cv/.venv/lib/python3.11/site-packages/rendercv_tinytex/
tinytex-release/TinyTeX/texmf-dist/tex/latex/hyperref/puenc.def
File: puenc.def 2024-01-20 v7.01h Hyperref: PDF Unicode definition (HO)
Now handling font encoding PU ...
... no UTF-8 mapping file for font encoding PU
)
Package hyperref Info: Option `unicode' set `true' on input line 4062.
Package hyperref Info: Hyper figures OFF on input line 4179.
Package hyperref Info: Link nesting OFF on input line 4184.
Package hyperref Info: Hyper index ON on input line 4187.
Package hyperref Info: Plain pages OFF on input line 4194.
Package hyperref Info: Backreferencing OFF on input line 4199.
Package hyperref Info: Implicit mode ON; LaTeX internals redefined.
Package hyperref Info: Bookmarks ON on input line 4446.
\c@Hy@tempcnt=\count322
LaTeX Info: Redefining \url on input line 4784.
\XeTeXLinkMargin=\dimen281

(/home/rich/programming/cv/.venv/lib/python3.11/site-packages/rendercv_tinytex/
tinytex-release/TinyTeX/texmf-dist/tex/generic/bitset/bitset.sty
Package: bitset 2019/12/09 v1.3 Handle bit-vector datatype (HO)

(/home/rich/programming/cv/.venv/lib/python3.11/site-packages/rendercv_tinytex/
tinytex-release/TinyTeX/texmf-dist/tex/generic/bigintcalc/bigintcalc.sty
Package: bigintcalc 2019/12/15 v1.5 Expandable calculations on big integers (HO
)
))
\Fld@menulength=\count323
\Field@Width=\dimen282
\Fld@charsize=\dimen283
Package hyperref Info: Hyper figures OFF on input line 6063.
Package hyperref Info: Link nesting OFF on input line 6068.
Package hyperref Info: Hyper index ON on input line 6071.
Package hyperref Info: backreferencing OFF on input line 6078.
Package hyperref Info: Link coloring OFF on input line 6083.
Package hyperref Info: Link coloring with OCG OFF on input line 6088.
Package hyperref Info: PDF/A mode OFF on input line 6093.

(/home/rich/programming/cv/.venv/lib/python3.11/site-packages/rendercv_tinytex/
tinytex-release/TinyTeX/texmf-dist/tex/latex/base/atbegshi-ltx.sty
Package: atbegshi-ltx 2021/01/10 v1.0c Emulation of the original atbegshi
package with kernel methods
)
\Hy@abspage=\count324
\c@Item=\count325
\c@Hfootnote=\count326
)
Package hyperref Info: Driver (autodetected): hpdftex.

(/home/rich/programming/cv/.venv/lib/python3.11/site-packages/rendercv_tinytex/
tinytex-release/TinyTeX/texmf-dist/tex/latex/hyperref/hpdftex.def
File: hpdftex.def 2024-01-20 v7.01h Hyperref driver for pdfTeX

(/home/rich/programming/cv/.venv/lib/python3.11/site-packages/rendercv_tinytex/
tinytex-release/TinyTeX/texmf-dist/tex/latex/base/atveryend-ltx.sty
Package: atveryend-ltx 2020/08/19 v1.0a Emulation of the original atveryend pac
kage
with kernel methods
)
\Fld@listcount=\count327
\c@bookmark@seq@number=\count328

(/home/rich/programming/cv/.venv/lib/python3.11/site-packages/rendercv_tinytex/
tinytex-release/TinyTeX/texmf-dist/tex/latex/rerunfilecheck/rerunfilecheck.sty
Package: rerunfilecheck 2022-07-10 v1.10 Rerun checks for auxiliary files (HO)

(/home/rich/programming/cv/.venv/lib/python3.11/site-packages/rendercv_tinytex/
tinytex-release/TinyTeX/texmf-dist/tex/generic/uniquecounter/uniquecounter.sty
Package: uniquecounter 2019/12/15 v1.4 Provide unlimited unique counter (HO)
)
Package uniquecounter Info: New unique counter `rerunfilecheck' on input line 2
85.
)
\Hy@SectionHShift=\skip101
)
Package hyperref Info: Option `breaklinks' set `true' on input line 80.
Package hyperref Info: Option `bookmarksopen' set `true' on input line 80.
LaTeX Font Info:    Trying to load font information for T1+lmr on input line 80
.

(/home/rich/programming/cv/.venv/lib/python3.11/site-packages/rendercv_tinytex/
tinytex-release/TinyTeX/texmf-dist/tex/latex/lm/t1lmr.fd
File: t1lmr.fd 2015/05/01 v1.6.1 Font defs for Latin Modern
)
(./Marco_Richetta_CV.aux)
\openout1 = `Marco_Richetta_CV.aux'.

LaTeX Font Info:    Checking defaults for OML/cmm/m/it on input line 80.
LaTeX Font Info:    ... okay on input line 80.
LaTeX Font Info:    Checking defaults for OMS/cmsy/m/n on input line 80.
LaTeX Font Info:    ... okay on input line 80.
LaTeX Font Info:    Checking defaults for OT1/cmr/m/n on input line 80.
LaTeX Font Info:    ... okay on input line 80.
LaTeX Font Info:    Checking defaults for T1/cmr/m/n on input line 80.
LaTeX Font Info:    ... okay on input line 80.
LaTeX Font Info:    Checking defaults for TS1/cmr/m/n on input line 80.
LaTeX Font Info:    ... okay on input line 80.
LaTeX Font Info:    Checking defaults for OMX/cmex/m/n on input line 80.
LaTeX Font Info:    ... okay on input line 80.
LaTeX Font Info:    Checking defaults for U/cmr/m/n on input line 80.
LaTeX Font Info:    ... okay on input line 80.
LaTeX Font Info:    Checking defaults for PD1/pdf/m/n on input line 80.
LaTeX Font Info:    ... okay on input line 80.
LaTeX Font Info:    Checking defaults for PU/pdf/m/n on input line 80.
LaTeX Font Info:    ... okay on input line 80.
LaTeX Font Info:    Trying to load font information for T1+lmss on input line 8
0.

(/home/rich/programming/cv/.venv/lib/python3.11/site-packages/rendercv_tinytex/
tinytex-release/TinyTeX/texmf-dist/tex/latex/lm/t1lmss.fd
File: t1lmss.fd 2015/05/01 v1.6.1 Font defs for Latin Modern
)
(/home/rich/programming/cv/.venv/lib/python3.11/site-packages/rendercv_tinytex/
tinytex-release/TinyTeX/texmf-dist/tex/latex/epstopdf-pkg/epstopdf-base.sty
Package: epstopdf-base 2020-01-24 v2.11 Base part for package epstopdf
Package epstopdf-base Info: Redefining graphics rule for `.eps' on input line 4
85.
)
LaTeX Info: Redefining \microtypecontext on input line 80.
Package microtype Info: Applying patch `item' on input line 80.
Package microtype Info: Applying patch `toc' on input line 80.
Package microtype Info: Applying patch `eqnum' on input line 80.
Package microtype Info: Applying patch `footnote' on input line 80.
Package microtype Info: Applying patch `verbatim' on input line 80.
Package microtype Info: Generating PDF output.
Package microtype Info: Character protrusion enabled (level 2).
Package microtype Info: Using default protrusion set `alltext'.
Package microtype Info: Automatic font expansion enabled (level 2),
(microtype)             stretch: 20, shrink: 20, step: 1, non-selected.
Package microtype Info: Using default expansion set `alltext-nott'.
LaTeX Info: Redefining \showhyphens on input line 80.
Package microtype Info: No adjustment of tracking.
Package microtype Info: No adjustment of interword spacing.
Package microtype Info: No adjustment of character kerning.
Package microtype Info: Loading generic protrusion settings for font family
(microtype)             `lmss' (encoding: T1).
(microtype)             For optimal results, create family-specific settings.
(microtype)             See the microtype manual for details.

*geometry* driver: auto-detecting
*geometry* detected driver: pdftex
*geometry* verbose mode - [ preamble ] result:
* driver: pdftex
* paper: a4paper
* layout: <same size as paper>
* layoutoffset:(h,v)=(0.0pt,0.0pt)
* modes: 
* h-part:(L,W,R)=(44.81126pt, 507.88533pt, 44.81128pt)
* v-part:(T,H,B)=(50.70074pt, 718.29497pt, 76.05113pt)
* \paperwidth=597.50787pt
* \paperheight=845.04684pt
* \textwidth=507.88533pt
* \textheight=718.29497pt
* \oddsidemargin=-27.45872pt
* \evensidemargin=-27.45872pt
* \topmargin=-58.56924pt
* \headheight=12.0pt
* \headsep=25.0pt
* \topskip=12.0pt
* \footskip=30.0pt
* \marginparwidth=35.0pt
* \marginparsep=10.0pt
* \columnsep=10.0pt
* \skip\footins=10.8pt plus 4.0pt minus 2.0pt
* \hoffset=0.0pt
* \voffset=0.0pt
* \mag=1000
* \@twocolumnfalse
* \@twosidefalse
* \@mparswitchfalse
* \@reversemarginfalse
* (1in=72.27pt=25.4mm, 1cm=28.453pt)

Package hyperref Info: Link coloring OFF on input line 80.
(./Marco_Richetta_CV.out) (./Marco_Richetta_CV.out)
\@outlinefile=\write4
\openout4 = `Marco_Richetta_CV.out'.

\makecvheaddetailsbox=\box70
LaTeX Font Info:    Trying to load font information for OT1+lmr on input line 8
2.

(/home/rich/programming/cv/.venv/lib/python3.11/site-packages/rendercv_tinytex/
tinytex-release/TinyTeX/texmf-dist/tex/latex/lm/ot1lmr.fd
File: ot1lmr.fd 2015/05/01 v1.6.1 Font defs for Latin Modern
)
(/home/rich/programming/cv/.venv/lib/python3.11/site-packages/rendercv_tinytex/
tinytex-release/TinyTeX/texmf-dist/tex/latex/microtype/mt-cmr.cfg
File: mt-cmr.cfg 2013/05/19 v2.2 microtype config. file: Computer Modern Roman 
(RS)
)
LaTeX Font Info:    Trying to load font information for OML+lmm on input line 8
2.

(/home/rich/programming/cv/.venv/lib/python3.11/site-packages/rendercv_tinytex/
tinytex-release/TinyTeX/texmf-dist/tex/latex/lm/omllmm.fd
File: omllmm.fd 2015/05/01 v1.6.1 Font defs for Latin Modern
)
LaTeX Font Info:    Trying to load font information for OMS+lmsy on input line 
82.

(/home/rich/programming/cv/.venv/lib/python3.11/site-packages/rendercv_tinytex/
tinytex-release/TinyTeX/texmf-dist/tex/latex/lm/omslmsy.fd
File: omslmsy.fd 2015/05/01 v1.6.1 Font defs for Latin Modern
)
LaTeX Font Info:    Trying to load font information for OMX+lmex on input line 
82.

(/home/rich/programming/cv/.venv/lib/python3.11/site-packages/rendercv_tinytex/
tinytex-release/TinyTeX/texmf-dist/tex/latex/lm/omxlmex.fd
File: omxlmex.fd 2015/05/01 v1.6.1 Font defs for Latin Modern
)
LaTeX Font Info:    External font `lmex10' loaded for size
(Font)              <10.95> on input line 82.
LaTeX Font Info:    External font `lmex10' loaded for size
(Font)              <8> on input line 82.
LaTeX Font Info:    External font `lmex10' loaded for size
(Font)              <6> on input line 82.
LaTeX Font Info:    Trying to load font information for U+fontawesomefree1 on i
nput line 82.

(/home/rich/programming/cv/.venv/lib/python3.11/site-packages/rendercv_tinytex/
tinytex-release/TinyTeX/texmf-dist/tex/latex/fontawesome5/ufontawesomefree1.fd)
LaTeX Font Info:    Trying to load font information for U+fontawesomebrands0 on
 input line 82.

(/home/rich/programming/cv/.venv/lib/python3.11/site-packages/rendercv_tinytex/
tinytex-release/TinyTeX/texmf-dist/tex/latex/fontawesome5/ufontawesomebrands0.f
d)
LaTeX Font Info:    Font shape `U/fontawesomebrands0/solid/n' in size <10.95> n
ot available
(Font)              Font shape `U/fontawesomebrands0/regular/n' tried instead o
n input line 82.
\makecvheadpicturebox=\box71
\makecvheaddetailswidth=\skip102
\makecvheadpicturewidth=\skip103
\makecvheadnamebox=\box72

Underfull \hbox (badness 10000) in paragraph at lines 82--82

 []

LaTeX Font Info:    External font `lmex10' loaded for size
(Font)              <12> on input line 91.
[1

{/home/rich/programming/cv/.venv/lib/python3.11/site-packages/rendercv_tinytex/
tinytex-release/TinyTeX/texmf-var/fonts/map/pdftex/updmap/pdftex.map}{/home/ric
h/programming/cv/.venv/lib/python3.11/site-packages/rendercv_tinytex/tinytex-re
lease/TinyTeX/texmf-dist/fonts/enc/dvips/lm/lm-ec.enc}{/home/rich/programming/c
v/.venv/lib/python3.11/site-packages/rendercv_tinytex/tinytex-release/TinyTeX/t
exmf-dist/fonts/enc/dvips/fontawesome5/fa5free1.enc}{/home/rich/programming/cv/
.venv/lib/python3.11/site-packages/rendercv_tinytex/tinytex-release/TinyTeX/tex
mf-dist/fonts/enc/dvips/fontawesome5/fa5brands0.enc}{/home/rich/programming/cv/
.venv/lib/python3.11/site-packages/rendercv_tinytex/tinytex-release/TinyTeX/tex
mf-dist/fonts/enc/dvips/fontawesome5/fa5free0.enc}] (./Marco_Richetta_CV.aux)
 ***********
LaTeX2e <2023-11-01> patch level 1
L3 programming layer <2024-03-14>
 ***********
Package rerunfilecheck Info: File `Marco_Richetta_CV.out' has not changed.
(rerunfilecheck)             Checksum: ACB41CF7B107D4BF8016E86225F114EC;370.
 ) 
Here is how much of TeX's memory you used:
 27423 strings out of 476002
 551900 string characters out of 5788363
 1956496 words of memory out of 5000000
 49045 multiletter control sequences out of 15000+600000
 603979 words of font info for 95 fonts, out of 8000000 for 9000
 36 hyphenation exceptions out of 8191
 129i,14n,129p,1046b,470s stack positions out of 10000i,1000n,20000p,200000b,200000s
</home/rich/programming/cv/.venv/lib/python3.11/site-packages/rendercv_tinyte
x/tinytex-release/TinyTeX/texmf-dist/fonts/type1/public/fontawesome5/FontAwesom
e5Brands-Regular.pfb></home/rich/programming/cv/.venv/lib/python3.11/site-packa
ges/rendercv_tinytex/tinytex-release/TinyTeX/texmf-dist/fonts/type1/public/font
awesome5/FontAwesome5Free-Regular.pfb></home/rich/programming/cv/.venv/lib/pyth
on3.11/site-packages/rendercv_tinytex/tinytex-release/TinyTeX/texmf-dist/fonts/
type1/public/fontawesome5/FontAwesome5Free-Solid.pfb></home/rich/programming/cv
/.venv/lib/python3.11/site-packages/rendercv_tinytex/tinytex-release/TinyTeX/te
xmf-dist/fonts/type1/public/lm/lmss12.pfb></home/rich/programming/cv/.venv/lib/
python3.11/site-packages/rendercv_tinytex/tinytex-release/TinyTeX/texmf-dist/fo
nts/type1/public/lm/lmss17.pfb></home/rich/programming/cv/.venv/lib/python3.11/
site-packages/rendercv_tinytex/tinytex-release/TinyTeX/texmf-dist/fonts/type1/p
ublic/lm/lmssbx10.pfb></home/rich/programming/cv/.venv/lib/python3.11/site-pack
ages/rendercv_tinytex/tinytex-release/TinyTeX/texmf-dist/fonts/type1/public/lm/
lmsso10.pfb>
Output written on Marco_Richetta_CV.pdf (1 page, 149145 bytes).
PDF statistics:
 84 PDF objects out of 1000 (max. 8388607)
 65 compressed objects within 1 object stream
 6 named destinations out of 1000 (max. 500000)
 24621 words of extra memory for PDF output out of 24883 (max. 10000000)

